<?xml version="1.0"?>
<testsuites>
  <!-- Shortened version of real case: count attribute values are more than present cases -->
  <testsuite name="pytest" errors="2" failures="4" skipped="3" tests="9" time="4.2">
    <testcase classname="TestNestedTensor" name="test_cat" time="4.2" file="test_nestedtensor.py"/>
    <testcase classname="TestNestedTensor" name="test_copy_" time="4.2" file="test_nestedtensor.py"/>
    <testcase classname="TestNestedTensor" name="test_reshape_cpu_float16" time="4.2" file="test_nestedtensor.py">
      <skipped message="...">[snip]</skipped>
    </testcase>
    <testcase classname="TestNestedTensor" name="test_reshape_cpu_float32" time="4.2" file="test_nestedtensor.py">
      <skipped message="...">[snip]</skipped>
    </testcase>
    <testcase classname="TestNestedTensor" name="test_reshape_cpu_float64" time="4.2" file="test_nestedtensor.py">
      <failure message="...">[snip]</failure>
    </testcase>
    <testcase classname="TestNestedTensor" name="test_bmm_cuda_gpu_float16" time="4.2" file="test_nestedtensor.py">
      <failure message="...">[snip]</failure>
    </testcase>
    <testcase classname="TestNestedTensor" name="test_bmm_cuda_gpu_float32" time="4.2" file="test_nestedtensor.py">
      <failure message="...">[snip]</failure>
    </testcase>
    <testcase classname="TestNestedTensor" name="test_bmm_cuda_gpu_float64" time="4.2" file="test_nestedtensor.py">
      <error message="...">[snip]</error>
    </testcase>
  </testsuite>
</testsuites>
